#
# There is insufficient memory for the Java Runtime Environment to continue.
# Native memory allocation (malloc) failed to allocate 32744 bytes for ChunkPool::allocate
# Possible reasons:
#   The system is out of physical RAM or swap space
#   In 32 bit mode, the process size limit was hit
# Possible solutions:
#   Reduce memory load on the system
#   Increase physical memory or swap space
#   Check if swap backing store is full
#   Use 64 bit Java on a 64 bit OS
#   Decrease Java heap size (-Xmx/-Xms)
#   Decrease number of Java threads
#   Decrease Java thread stack sizes (-Xss)
#   Set larger code cache with -XX:ReservedCodeCacheSize=
# This output file may be truncated or incomplete.
#
#  Out of Memory Error (allocation.cpp:273), pid=23296, tid=0x0000000000005b40
#
# JRE version: Java(TM) SE Runtime Environment (8.0_171-b11) (build 1.8.0_171-b11)
# Java VM: Java HotSpot(TM) 64-Bit Server VM (25.171-b11 mixed mode windows-amd64 compressed oops)
# Failed to write core dump. Minidumps are not enabled by default on client versions of Windows
#

---------------  T H R E A D  ---------------

Current thread (0x00000000189cf000):  JavaThread "C2 CompilerThread0" daemon [_thread_in_native, id=23360, stack(0x0000000019130000,0x0000000019230000)]

Stack: [0x0000000019130000,0x0000000019230000]
[error occurred during error reporting (printing stack bounds), id 0xc0000005]

Native frames: (J=compiled Java code, j=interpreted, Vv=VM code, C=native code)


Current CompileTask:
C2:  51315 4479       4       com.google.gson.stream.JsonWriter::string (169 bytes)


---------------  P R O C E S S  ---------------

Java Threads: ( => current thread )
  0x00000000197fa000 JavaThread "ForkJoinPool.commonPool-worker-3" daemon [_thread_blocked, id=16692, stack(0x000000001fe00000,0x000000001ff00000)]
  0x00000000197fc000 JavaThread "ForkJoinPool.commonPool-worker-2" daemon [_thread_blocked, id=22844, stack(0x000000001fb00000,0x000000001fc00000)]
  0x00000000197f9000 JavaThread "Worker-5" [_thread_blocked, id=23168, stack(0x000000001f420000,0x000000001f520000)]
  0x00000000197fb800 JavaThread "Worker-4" [_thread_blocked, id=22792, stack(0x000000001f320000,0x000000001f420000)]
  0x000000001945d000 JavaThread "Worker-3" [_thread_blocked, id=3676, stack(0x000000001f600000,0x000000001f700000)]
  0x0000000019fea800 JavaThread "pool-1-thread-1" [_thread_in_native, id=22268, stack(0x000000001f020000,0x000000001f120000)]
  0x000000001a41e800 JavaThread "Worker-2" [_thread_blocked, id=21624, stack(0x000000001ec60000,0x000000001ed60000)]
  0x0000000019a04000 JavaThread "Java indexing" daemon [_thread_blocked, id=23488, stack(0x000000001c1c0000,0x000000001c2c0000)]
  0x0000000019a0a800 JavaThread "Worker-1" [_thread_blocked, id=22964, stack(0x000000001bcc0000,0x000000001bdc0000)]
  0x0000000019a06000 JavaThread "Worker-0" [_thread_blocked, id=22544, stack(0x000000001bbc0000,0x000000001bcc0000)]
  0x000000001a525800 JavaThread "Worker-JM" [_thread_blocked, id=21640, stack(0x000000001bac0000,0x000000001bbc0000)]
  0x0000000019893800 JavaThread "Bundle File Closer" daemon [_thread_blocked, id=22556, stack(0x000000001b6c0000,0x000000001b7c0000)]
  0x0000000019fac800 JavaThread "Start Level: Equinox Container: 57ab89b4-4e74-4692-89fb-1c13cae18732" daemon [_thread_blocked, id=23032, stack(0x000000001b0b0000,0x000000001b1b0000)]
  0x000000001a1a4000 JavaThread "Framework Event Dispatcher: Equinox Container: 57ab89b4-4e74-4692-89fb-1c13cae18732" daemon [_thread_blocked, id=23352, stack(0x000000001afb0000,0x000000001b0b0000)]
  0x0000000019f25000 JavaThread "Active Thread: Equinox Container: 57ab89b4-4e74-4692-89fb-1c13cae18732" [_thread_blocked, id=22540, stack(0x000000001aeb0000,0x000000001afb0000)]
  0x0000000018c28000 JavaThread "Service Thread" daemon [_thread_blocked, id=23428, stack(0x0000000019c30000,0x0000000019d30000)]
  0x00000000189d3800 JavaThread "C1 CompilerThread2" daemon [_thread_blocked, id=23480, stack(0x0000000019330000,0x0000000019430000)]
  0x00000000189d1000 JavaThread "C2 CompilerThread1" daemon [_thread_blocked, id=23416, stack(0x0000000019230000,0x0000000019330000)]
=>0x00000000189cf000 JavaThread "C2 CompilerThread0" daemon [_thread_in_native, id=23360, stack(0x0000000019130000,0x0000000019230000)]
  0x000000001895e000 JavaThread "Attach Listener" daemon [_thread_blocked, id=22892, stack(0x0000000019030000,0x0000000019130000)]
  0x0000000018948800 JavaThread "Signal Dispatcher" daemon [_thread_blocked, id=23548, stack(0x0000000018f30000,0x0000000019030000)]
  0x000000001895b000 JavaThread "Surrogate Locker Thread (Concurrent GC)" daemon [_thread_blocked, id=23544, stack(0x0000000018e30000,0x0000000018f30000)]
  0x00000000188bc000 JavaThread "Finalizer" daemon [_thread_blocked, id=23464, stack(0x0000000018d30000,0x0000000018e30000)]
  0x00000000188b3800 JavaThread "Reference Handler" daemon [_thread_blocked, id=23444, stack(0x0000000018c30000,0x0000000018d30000)]
  0x0000000000cae800 JavaThread "main" [_thread_blocked, id=23404, stack(0x0000000002910000,0x0000000002a10000)]

Other Threads:
  0x00000000188af800 VMThread [stack: 0x0000000018650000,0x0000000018750000] [id=23448]
  0x0000000018c2e000 WatcherThread [stack: 0x0000000019d30000,0x0000000019e30000] [id=23420]

VM state:not at safepoint (normal execution)

VM Mutex/Monitor currently owned by a thread: None

Heap:
 garbage-first heap   total 63488K, used 37119K [0x00000000c0000000, 0x00000000c01001f0, 0x0000000100000000)
  region size 1024K, 12 young (12288K), 2 survivors (2048K)
 Metaspace       used 38502K, capacity 40990K, committed 41216K, reserved 1085440K
  class space    used 4162K, capacity 5000K, committed 5120K, reserved 1048576K

Heap Regions: (Y=young(eden), SU=young(survivor), HS=humongous(starts), HC=humongous(continues), CS=collection set, F=free, TS=gc time stamp, PTAMS=previous top-at-mark-start, NTAMS=next top-at-mark-start)
AC   0  O    TS     0 PTAMS 0x00000000c0100000 NTAMS 0x00000000c0100000 space 1024K, 100% used [0x00000000c0000000, 0x00000000c0100000)
AC   0  O    TS     0 PTAMS 0x00000000c0200000 NTAMS 0x00000000c0200000 space 1024K, 100% used [0x00000000c0100000, 0x00000000c0200000)
AC   0  O    TS     0 PTAMS 0x00000000c0300000 NTAMS 0x00000000c0300000 space 1024K, 100% used [0x00000000c0200000, 0x00000000c0300000)
AC   0  O    TS     7 PTAMS 0x00000000c0300000 NTAMS 0x00000000c0300000 space 1024K, 100% used [0x00000000c0300000, 0x00000000c0400000)
AC   0  O    TS     0 PTAMS 0x00000000c0500000 NTAMS 0x00000000c0500000 space 1024K, 100% used [0x00000000c0400000, 0x00000000c0500000)
AC   0  O    TS     0 PTAMS 0x00000000c0600000 NTAMS 0x00000000c0600000 space 1024K, 100% used [0x00000000c0500000, 0x00000000c0600000)
AC   0  O    TS     0 PTAMS 0x00000000c0700000 NTAMS 0x00000000c0700000 space 1024K, 100% used [0x00000000c0600000, 0x00000000c0700000)
AC   0  O    TS     7 PTAMS 0x00000000c0700000 NTAMS 0x00000000c0700000 space 1024K, 100% used [0x00000000c0700000, 0x00000000c0800000)
AC   0  O    TS     0 PTAMS 0x00000000c0900000 NTAMS 0x00000000c0900000 space 1024K, 100% used [0x00000000c0800000, 0x00000000c0900000)
AC   0  O    TS     0 PTAMS 0x00000000c0a00000 NTAMS 0x00000000c0a00000 space 1024K, 100% used [0x00000000c0900000, 0x00000000c0a00000)
AC   0  O    TS     0 PTAMS 0x00000000c0b00000 NTAMS 0x00000000c0b00000 space 1024K, 100% used [0x00000000c0a00000, 0x00000000c0b00000)
AC   0  O    TS     0 PTAMS 0x00000000c0c00000 NTAMS 0x00000000c0c00000 space 1024K, 100% used [0x00000000c0b00000, 0x00000000c0c00000)
AC   0  O    TS     0 PTAMS 0x00000000c0d00000 NTAMS 0x00000000c0d00000 space 1024K, 100% used [0x00000000c0c00000, 0x00000000c0d00000)
AC   0  O    TS     0 PTAMS 0x00000000c0e00000 NTAMS 0x00000000c0e00000 space 1024K, 100% used [0x00000000c0d00000, 0x00000000c0e00000)
AC   0  O    TS     9 PTAMS 0x00000000c0e00000 NTAMS 0x00000000c0e00000 space 1024K, 100% used [0x00000000c0e00000, 0x00000000c0f00000)
AC   0  O    TS     0 PTAMS 0x00000000c1000000 NTAMS 0x00000000c1000000 space 1024K, 100% used [0x00000000c0f00000, 0x00000000c1000000)
AC   0  O    TS     0 PTAMS 0x00000000c1100000 NTAMS 0x00000000c1100000 space 1024K, 100% used [0x00000000c1000000, 0x00000000c1100000)
AC   0  O    TS     0 PTAMS 0x00000000c1200000 NTAMS 0x00000000c1200000 space 1024K, 100% used [0x00000000c1100000, 0x00000000c1200000)
AC   0  O    TS     3 PTAMS 0x00000000c122ec00 NTAMS 0x00000000c122ec00 space 1024K, 100% used [0x00000000c1200000, 0x00000000c1300000)
AC   0  O    TS     3 PTAMS 0x00000000c1300000 NTAMS 0x00000000c1300000 space 1024K, 100% used [0x00000000c1300000, 0x00000000c1400000)
AC   0  O    TS     3 PTAMS 0x00000000c1400000 NTAMS 0x00000000c1400000 space 1024K, 100% used [0x00000000c1400000, 0x00000000c1500000)
AC   0  O    TS     7 PTAMS 0x00000000c1500000 NTAMS 0x00000000c1500000 space 1024K, 100% used [0x00000000c1500000, 0x00000000c1600000)
AC   0  O    TS     9 PTAMS 0x00000000c1600000 NTAMS 0x00000000c1600000 space 1024K, 100% used [0x00000000c1600000, 0x00000000c1700000)
AC   0  O    TS     9 PTAMS 0x00000000c1700000 NTAMS 0x00000000c1700000 space 1024K, 100% used [0x00000000c1700000, 0x00000000c1800000)
AC   0  O    TS     9 PTAMS 0x00000000c1800000 NTAMS 0x00000000c1800000 space 1024K, 100% used [0x00000000c1800000, 0x00000000c1900000)
AC   0  O    TS    13 PTAMS 0x00000000c1900000 NTAMS 0x00000000c1900000 space 1024K,  50% used [0x00000000c1900000, 0x00000000c1a00000)
AC   0  F    TS     5 PTAMS 0x00000000c1a00000 NTAMS 0x00000000c1a00000 space 1024K,   0% used [0x00000000c1a00000, 0x00000000c1b00000)
AC   0  F    TS     1 PTAMS 0x00000000c1b00000 NTAMS 0x00000000c1b00000 space 1024K,   0% used [0x00000000c1b00000, 0x00000000c1c00000)
AC   0  F    TS     1 PTAMS 0x00000000c1c00000 NTAMS 0x00000000c1c00000 space 1024K,   0% used [0x00000000c1c00000, 0x00000000c1d00000)
AC   0  F    TS     1 PTAMS 0x00000000c1d00000 NTAMS 0x00000000c1d00000 space 1024K,   0% used [0x00000000c1d00000, 0x00000000c1e00000)
AC   0  F    TS     9 PTAMS 0x00000000c1e00000 NTAMS 0x00000000c1e00000 space 1024K,   0% used [0x00000000c1e00000, 0x00000000c1f00000)
AC   0  F    TS     9 PTAMS 0x00000000c1f00000 NTAMS 0x00000000c1f00000 space 1024K,   0% used [0x00000000c1f00000, 0x00000000c2000000)
AC   0  F    TS     7 PTAMS 0x00000000c2000000 NTAMS 0x00000000c2000000 space 1024K,   0% used [0x00000000c2000000, 0x00000000c2100000)
AC   0  S CS TS    13 PTAMS 0x00000000c2100000 NTAMS 0x00000000c2100000 space 1024K,  74% used [0x00000000c2100000, 0x00000000c2200000)
AC   0  S CS TS    13 PTAMS 0x00000000c2200000 NTAMS 0x00000000c2200000 space 1024K, 100% used [0x00000000c2200000, 0x00000000c2300000)
AC   0  F    TS     7 PTAMS 0x00000000c2300000 NTAMS 0x00000000c2300000 space 1024K,   0% used [0x00000000c2300000, 0x00000000c2400000)
AC   0  F    TS     9 PTAMS 0x00000000c2400000 NTAMS 0x00000000c2400000 space 1024K,   0% used [0x00000000c2400000, 0x00000000c2500000)
AC   0  F    TS    11 PTAMS 0x00000000c2500000 NTAMS 0x00000000c2500000 space 1024K,   0% used [0x00000000c2500000, 0x00000000c2600000)
AC   0  F    TS    11 PTAMS 0x00000000c2600000 NTAMS 0x00000000c2600000 space 1024K,   0% used [0x00000000c2600000, 0x00000000c2700000)
AC   0  F    TS     0 PTAMS 0x00000000c2700000 NTAMS 0x00000000c2700000 space 1024K,   0% used [0x00000000c2700000, 0x00000000c2800000)
AC   0  F    TS     0 PTAMS 0x00000000c2800000 NTAMS 0x00000000c2800000 space 1024K,   0% used [0x00000000c2800000, 0x00000000c2900000)
AC   0  F    TS     0 PTAMS 0x00000000c2900000 NTAMS 0x00000000c2900000 space 1024K,   0% used [0x00000000c2900000, 0x00000000c2a00000)
AC   0  F    TS     0 PTAMS 0x00000000c2a00000 NTAMS 0x00000000c2a00000 space 1024K,   0% used [0x00000000c2a00000, 0x00000000c2b00000)
AC   0  F    TS     0 PTAMS 0x00000000c2b00000 NTAMS 0x00000000c2b00000 space 1024K,   0% used [0x00000000c2b00000, 0x00000000c2c00000)
AC   0  F    TS     0 PTAMS 0x00000000c2c00000 NTAMS 0x00000000c2c00000 space 1024K,   0% used [0x00000000c2c00000, 0x00000000c2d00000)
AC   0  F    TS     0 PTAMS 0x00000000c2d00000 NTAMS 0x00000000c2d00000 space 1024K,   0% used [0x00000000c2d00000, 0x00000000c2e00000)
AC   0  F    TS     0 PTAMS 0x00000000c2e00000 NTAMS 0x00000000c2e00000 space 1024K,   0% used [0x00000000c2e00000, 0x00000000c2f00000)
AC   0  F    TS     0 PTAMS 0x00000000c2f00000 NTAMS 0x00000000c2f00000 space 1024K,   0% used [0x00000000c2f00000, 0x00000000c3000000)
AC   0  F    TS     0 PTAMS 0x00000000c3000000 NTAMS 0x00000000c3000000 space 1024K,   0% used [0x00000000c3000000, 0x00000000c3100000)
AC   0  F    TS     0 PTAMS 0x00000000c3100000 NTAMS 0x00000000c3100000 space 1024K,   0% used [0x00000000c3100000, 0x00000000c3200000)
AC   0  F    TS     0 PTAMS 0x00000000c3200000 NTAMS 0x00000000c3200000 space 1024K,   0% used [0x00000000c3200000, 0x00000000c3300000)
AC   0  F    TS     0 PTAMS 0x00000000c3300000 NTAMS 0x00000000c3300000 space 1024K,   0% used [0x00000000c3300000, 0x00000000c3400000)
AC   0  E    TS     0 PTAMS 0x00000000c3400000 NTAMS 0x00000000c3400000 space 1024K,  63% used [0x00000000c3400000, 0x00000000c3500000)
AC   0  E CS TS     0 PTAMS 0x00000000c3500000 NTAMS 0x00000000c3500000 space 1024K, 100% used [0x00000000c3500000, 0x00000000c3600000)
AC   0  E CS TS     0 PTAMS 0x00000000c3600000 NTAMS 0x00000000c3600000 space 1024K, 100% used [0x00000000c3600000, 0x00000000c3700000)
AC   0  E CS TS     0 PTAMS 0x00000000c3700000 NTAMS 0x00000000c3700000 space 1024K, 100% used [0x00000000c3700000, 0x00000000c3800000)
AC   0  E CS TS     0 PTAMS 0x00000000c3800000 NTAMS 0x00000000c3800000 space 1024K, 100% used [0x00000000c3800000, 0x00000000c3900000)
AC   0  E CS TS     0 PTAMS 0x00000000c3900000 NTAMS 0x00000000c3900000 space 1024K, 100% used [0x00000000c3900000, 0x00000000c3a00000)
AC   0  E CS TS     0 PTAMS 0x00000000c3a00000 NTAMS 0x00000000c3a00000 space 1024K, 100% used [0x00000000c3a00000, 0x00000000c3b00000)
AC   0  E CS TS     0 PTAMS 0x00000000c3b00000 NTAMS 0x00000000c3b00000 space 1024K, 100% used [0x00000000c3b00000, 0x00000000c3c00000)
AC   0  E CS TS     3 PTAMS 0x00000000c3c00000 NTAMS 0x00000000c3c00000 space 1024K, 100% used [0x00000000c3c00000, 0x00000000c3d00000)
AC   0  E CS TS     0 PTAMS 0x00000000c3d00000 NTAMS 0x00000000c3d00000 space 1024K, 100% used [0x00000000c3d00000, 0x00000000c3e00000)

Card table byte_map: [0x0000000013110000,0x0000000013310000] byte_map_base: 0x0000000012b10000

Marking Bits (Prev, Next): (CMBitMap*) 0x0000000002b48ee8, (CMBitMap*) 0x0000000002b48f40
 Prev Bits: [0x0000000013510000, 0x0000000014510000)
 Next Bits: [0x0000000014510000, 0x0000000015510000)

Polling page: 0x0000000000c80000

CodeCache: size=245760Kb used=13034Kb max_used=13087Kb free=232725Kb
 bounds [0x0000000002c10000, 0x00000000038f0000, 0x0000000011c10000]
 total_blobs=4347 nmethods=3818 adapters=441
 compilation: enabled

Compilation events (10 events):
Event: 50.422 Thread 0x00000000189d3800 4476       3       com.google.gson.internal.Excluder::excludeField (226 bytes)
Event: 50.427 Thread 0x00000000189d3800 nmethod 4476 0x0000000003691b10 code [0x0000000003692140, 0x00000000036967e8]
Event: 50.427 Thread 0x00000000189d3800 4477       1       com.google.gson.internal.$Gson$Types$ParameterizedTypeImpl::getRawType (5 bytes)
Event: 50.427 Thread 0x00000000189d3800 nmethod 4477 0x000000000321b550 code [0x000000000321b6a0, 0x000000000321b7b0]
Event: 50.495 Thread 0x00000000189d3800 4481       3       java.lang.Long::toHexString (6 bytes)
Event: 50.496 Thread 0x00000000189d3800 nmethod 4481 0x00000000032033d0 code [0x0000000003203540, 0x00000000032036a8]
Event: 50.496 Thread 0x00000000189d3800 4482       3       java.lang.Long::toUnsignedString0 (49 bytes)
Event: 50.496 Thread 0x00000000189d3800 nmethod 4482 0x000000000345f9d0 code [0x000000000345fb60, 0x000000000345fff8]
Event: 50.496 Thread 0x00000000189d3800 4483       3       java.lang.Long::numberOfLeadingZeros (94 bytes)
Event: 50.496 Thread 0x00000000189d3800 nmethod 4483 0x000000000345f4d0 code [0x000000000345f640, 0x000000000345f950]

GC Heap History (10 events):
Event: 23.010 GC heap before
{Heap before GC invocations=30 (full 0):
 garbage-first heap   total 63488K, used 54620K [0x00000000c0000000, 0x00000000c01001f0, 0x0000000100000000)
  region size 1024K, 35 young (35840K), 1 survivors (1024K)
 Metaspace       used 35898K, capacity 38220K, committed 38272K, reserved 1083392K
  class space    used 3940K, capacity 4686K, committed 4736K, reserved 1048576K
Event: 23.016 GC heap after
Heap after GC invocations=31 (full 0):
 garbage-first heap   total 63488K, used 23065K [0x00000000c0000000, 0x00000000c01001f0, 0x0000000100000000)
  region size 1024K, 5 young (5120K), 5 survivors (5120K)
 Metaspace       used 35898K, capacity 38220K, committed 38272K, reserved 1083392K
  class space    used 3940K, capacity 4686K, committed 4736K, reserved 1048576K
}
Event: 24.178 GC heap before
{Heap before GC invocations=31 (full 0):
 garbage-first heap   total 63488K, used 49689K [0x00000000c0000000, 0x00000000c01001f0, 0x0000000100000000)
  region size 1024K, 31 young (31744K), 5 survivors (5120K)
 Metaspace       used 36468K, capacity 38794K, committed 38912K, reserved 1083392K
  class space    used 4004K, capacity 4792K, committed 4864K, reserved 1048576K
Event: 24.187 GC heap after
Heap after GC invocations=32 (full 0):
 garbage-first heap   total 63488K, used 26450K [0x00000000c0000000, 0x00000000c01001f0, 0x0000000100000000)
  region size 1024K, 4 young (4096K), 4 survivors (4096K)
 Metaspace       used 36468K, capacity 38794K, committed 38912K, reserved 1083392K
  class space    used 4004K, capacity 4792K, committed 4864K, reserved 1048576K
}
Event: 29.082 GC heap before
{Heap before GC invocations=32 (full 0):
 garbage-first heap   total 63488K, used 52050K [0x00000000c0000000, 0x00000000c01001f0, 0x0000000100000000)
  region size 1024K, 29 young (29696K), 4 survivors (4096K)
 Metaspace       used 36511K, capacity 38794K, committed 38912K, reserved 1083392K
  class space    used 4006K, capacity 4792K, committed 4864K, reserved 1048576K
Event: 29.092 GC heap after
Heap after GC invocations=33 (full 0):
 garbage-first heap   total 63488K, used 28672K [0x00000000c0000000, 0x00000000c01001f0, 0x0000000100000000)
  region size 1024K, 3 young (3072K), 3 survivors (3072K)
 Metaspace       used 36511K, capacity 38794K, committed 38912K, reserved 1083392K
  class space    used 4006K, capacity 4792K, committed 4864K, reserved 1048576K
}
Event: 31.182 GC heap before
{Heap before GC invocations=33 (full 0):
 garbage-first heap   total 63488K, used 52224K [0x00000000c0000000, 0x00000000c01001f0, 0x0000000100000000)
  region size 1024K, 26 young (26624K), 3 survivors (3072K)
 Metaspace       used 36772K, capacity 39256K, committed 39424K, reserved 1083392K
  class space    used 4041K, capacity 4835K, committed 4864K, reserved 1048576K
Event: 31.188 GC heap after
Heap after GC invocations=34 (full 0):
 garbage-first heap   total 63488K, used 27353K [0x00000000c0000000, 0x00000000c01001f0, 0x0000000100000000)
  region size 1024K, 2 young (2048K), 2 survivors (2048K)
 Metaspace       used 36772K, capacity 39256K, committed 39424K, reserved 1083392K
  class space    used 4041K, capacity 4835K, committed 4864K, reserved 1048576K
}
Event: 31.745 GC heap before
{Heap before GC invocations=34 (full 0):
 garbage-first heap   total 63488K, used 52953K [0x00000000c0000000, 0x00000000c01001f0, 0x0000000100000000)
  region size 1024K, 27 young (27648K), 2 survivors (2048K)
 Metaspace       used 38178K, capacity 40612K, committed 40832K, reserved 1085440K
  class space    used 4113K, capacity 4903K, committed 4992K, reserved 1048576K
Event: 31.748 GC heap after
Heap after GC invocations=35 (full 0):
 garbage-first heap   total 63488K, used 27903K [0x00000000c0000000, 0x00000000c01001f0, 0x0000000100000000)
  region size 1024K, 2 young (2048K), 2 survivors (2048K)
 Metaspace       used 38178K, capacity 40612K, committed 40832K, reserved 1085440K
  class space    used 4113K, capacity 4903K, committed 4992K, reserved 1048576K
}

Deoptimization events (10 events):
Event: 31.477 Thread 0x000000001945d000 Uncommon trap: reason=class_check action=maybe_recompile pc=0x000000000384f6e4 method=java.util.regex.Pattern$Begin.match(Ljava/util/regex/Matcher;ILjava/lang/CharSequence;)Z @ 30
Event: 31.477 Thread 0x000000001945d000 Uncommon trap: reason=class_check action=maybe_recompile pc=0x000000000384f6e4 method=java.util.regex.Pattern$Begin.match(Ljava/util/regex/Matcher;ILjava/lang/CharSequence;)Z @ 30
Event: 31.749 Thread 0x00000000188bc000 Uncommon trap: reason=unstable_if action=reinterpret pc=0x0000000003482314 method=java.util.WeakHashMap.expungeStaleEntries()V @ 9
Event: 32.382 Thread 0x00000000197fa800 Uncommon trap: reason=unstable_if action=reinterpret pc=0x000000000383ccf8 method=java.util.LinkedHashMap.afterNodeRemoval(Ljava/util/HashMap$Node;)V @ 47
Event: 50.328 Thread 0x00000000197fc000 Uncommon trap: reason=unstable_if action=reinterpret pc=0x00000000038420b8 method=java.io.WinNTFileSystem.canonicalize(Ljava/lang/String;)Ljava/lang/String; @ 348
Event: 50.381 Thread 0x0000000019a06000 Uncommon trap: reason=unstable_if action=reinterpret pc=0x0000000003585cdc method=java.lang.ThreadLocal$ThreadLocalMap.set(Ljava/lang/ThreadLocal;Ljava/lang/Object;)V @ 119
Event: 50.418 Thread 0x00000000197fb800 Uncommon trap: reason=unstable_if action=reinterpret pc=0x00000000034c443c method=java.lang.Class.annotationData()Ljava/lang/Class$AnnotationData; @ 36
Event: 50.418 Thread 0x0000000019a06000 Uncommon trap: reason=class_check action=maybe_recompile pc=0x0000000003219d34 method=java.util.concurrent.ConcurrentHashMap.putVal(Ljava/lang/Object;Ljava/lang/Object;Z)Ljava/lang/Object; @ 192
Event: 50.418 Thread 0x0000000019a06000 Uncommon trap: reason=class_check action=maybe_recompile pc=0x0000000003219d34 method=java.util.concurrent.ConcurrentHashMap.putVal(Ljava/lang/Object;Ljava/lang/Object;Z)Ljava/lang/Object; @ 192
Event: 50.418 Thread 0x0000000019a06000 Uncommon trap: reason=class_check action=maybe_recompile pc=0x0000000003219d34 method=java.util.concurrent.ConcurrentHashMap.putVal(Ljava/lang/Object;Ljava/lang/Object;Z)Ljava/lang/Object; @ 192

Classes redefined (0 events):
No events

Internal exceptions (10 events):
Event: 30.890 Thread 0x000000001a41e800 Exception <a 'sun/nio/fs/WindowsException'> (0x00000000c2d671d0) thrown at [C:\re\workspace\8-2-build-windows-amd64-cygwin\jdk8u171\10807\hotspot\src\share\vm\prims\jni.cpp, line 709]
Event: 30.890 Thread 0x000000001a41e800 Exception <a 'sun/nio/fs/WindowsException'> (0x00000000c2d6a2b0) thrown at [C:\re\workspace\8-2-build-windows-amd64-cygwin\jdk8u171\10807\hotspot\src\share\vm\prims\jni.cpp, line 709]
Event: 30.890 Thread 0x000000001a41e800 Exception <a 'sun/nio/fs/WindowsException'> (0x00000000c2d6d668) thrown at [C:\re\workspace\8-2-build-windows-amd64-cygwin\jdk8u171\10807\hotspot\src\share\vm\prims\jni.cpp, line 709]
Event: 30.890 Thread 0x000000001a41e800 Exception <a 'sun/nio/fs/WindowsException'> (0x00000000c2d70888) thrown at [C:\re\workspace\8-2-build-windows-amd64-cygwin\jdk8u171\10807\hotspot\src\share\vm\prims\jni.cpp, line 709]
Event: 30.897 Thread 0x000000001a41e800 Exception <a 'sun/nio/fs/WindowsException'> (0x00000000c2d82fc8) thrown at [C:\re\workspace\8-2-build-windows-amd64-cygwin\jdk8u171\10807\hotspot\src\share\vm\prims\jni.cpp, line 709]
Event: 31.075 Thread 0x0000000019fea800 Exception <a 'sun/nio/fs/WindowsException'> (0x00000000c29d37f0) thrown at [C:\re\workspace\8-2-build-windows-amd64-cygwin\jdk8u171\10807\hotspot\src\share\vm\prims\jni.cpp, line 709]
Event: 31.088 Thread 0x0000000019fea800 Exception <a 'sun/nio/fs/WindowsException'> (0x00000000c29ecf30) thrown at [C:\re\workspace\8-2-build-windows-amd64-cygwin\jdk8u171\10807\hotspot\src\share\vm\prims\jni.cpp, line 709]
Event: 31.190 Thread 0x000000001945d000 Exception <a 'java/io/FileNotFoundException'> (0x00000000c3d20f20) thrown at [C:\re\workspace\8-2-build-windows-amd64-cygwin\jdk8u171\10807\hotspot\src\share\vm\prims\jni.cpp, line 709]
Event: 31.190 Thread 0x000000001945d000 Exception <a 'java/io/FileNotFoundException'> (0x00000000c3d234c8) thrown at [C:\re\workspace\8-2-build-windows-amd64-cygwin\jdk8u171\10807\hotspot\src\share\vm\prims\jni.cpp, line 709]
Event: 31.190 Thread 0x000000001945d000 Exception <a 'java/io/FileNotFoundException'> (0x00000000c3d24be0) thrown at [C:\re\workspace\8-2-build-windows-amd64-cygwin\jdk8u171\10807\hotspot\src\share\vm\prims\jni.cpp, line 709]

Events (10 events):
Event: 50.421 loading class java/util/concurrent/CompletableFuture$Signaller done
Event: 50.421 Thread 0x00000000189d3800 flushing nmethod 0x0000000003686fd0
Event: 50.423 loading class org/springframework/tooling/jdt/ls/commons/classpath/ReusableClasspathListenerHandler$NotificationSentCallback
Event: 50.423 loading class org/springframework/tooling/jdt/ls/commons/classpath/ReusableClasspathListenerHandler$NotificationSentCallback done
Event: 50.423 loading class org/springframework/tooling/jdt/ls/commons/classpath/ReusableClasspathListenerHandler$NotificationSentCallback
Event: 50.423 loading class org/springframework/tooling/jdt/ls/commons/classpath/ReusableClasspathListenerHandler$NotificationSentCallback done
Event: 50.423 loading class org/springframework/tooling/jdt/ls/commons/classpath/ReusableClasspathListenerHandler$CallbackJob
Event: 50.424 loading class org/springframework/tooling/jdt/ls/commons/classpath/ReusableClasspathListenerHandler$CallbackJob done
Event: 50.495 Executing VM operation: RevokeBias
Event: 50.495 Executing VM operation: RevokeBias done


Dynamic libraries:
0x00007ff703d50000 - 0x00007ff703d87000 	C:\Program Files\Java\jdk1.8.0_171\bin\java.exe
0x00007ffcf4c60000 - 0x00007ffcf4e50000 	C:\WINDOWS\SYSTEM32\ntdll.dll
0x00007ffcf3eb0000 - 0x00007ffcf3f62000 	C:\WINDOWS\System32\KERNEL32.DLL
0x00007ffcf2840000 - 0x00007ffcf2ae3000 	C:\WINDOWS\System32\KERNELBASE.dll
0x00007ffcf4b70000 - 0x00007ffcf4c13000 	C:\WINDOWS\System32\ADVAPI32.dll
0x00007ffcf4ad0000 - 0x00007ffcf4b6e000 	C:\WINDOWS\System32\msvcrt.dll
0x00007ffcf2d10000 - 0x00007ffcf2da7000 	C:\WINDOWS\System32\sechost.dll
0x00007ffcf4610000 - 0x00007ffcf4730000 	C:\WINDOWS\System32\RPCRT4.dll
0x00007ffcf3370000 - 0x00007ffcf3504000 	C:\WINDOWS\System32\USER32.dll
0x00007ffcf2b90000 - 0x00007ffcf2bb1000 	C:\WINDOWS\System32\win32u.dll
0x00007ffcf4940000 - 0x00007ffcf4966000 	C:\WINDOWS\System32\GDI32.dll
0x00007ffcf26a0000 - 0x00007ffcf2834000 	C:\WINDOWS\System32\gdi32full.dll
0x00007ffcf2bc0000 - 0x00007ffcf2c5e000 	C:\WINDOWS\System32\msvcp_win.dll
0x00007ffcf1d70000 - 0x00007ffcf1e6a000 	C:\WINDOWS\System32\ucrtbase.dll
0x00007ffce2230000 - 0x00007ffce24b5000 	C:\WINDOWS\WinSxS\amd64_microsoft.windows.common-controls_6595b64144ccf1df_6.0.18362.476_none_e6c4b11b130f2595\COMCTL32.dll
0x00007ffcf3f70000 - 0x00007ffcf42a6000 	C:\WINDOWS\System32\combase.dll
0x00007ffcf2b10000 - 0x00007ffcf2b90000 	C:\WINDOWS\System32\bcryptPrimitives.dll
0x00007ffcf3cd0000 - 0x00007ffcf3cfe000 	C:\WINDOWS\System32\IMM32.DLL
0x000000005f9c0000 - 0x000000005fa92000 	C:\Program Files\Java\jdk1.8.0_171\jre\bin\msvcr100.dll
0x000000005f120000 - 0x000000005f9c0000 	C:\Program Files\Java\jdk1.8.0_171\jre\bin\server\jvm.dll
0x00007ffcf4360000 - 0x00007ffcf4368000 	C:\WINDOWS\System32\PSAPI.DLL
0x00007ffcef390000 - 0x00007ffcef3b4000 	C:\WINDOWS\SYSTEM32\WINMM.dll
0x00007ffcec940000 - 0x00007ffcec949000 	C:\WINDOWS\SYSTEM32\WSOCK32.dll
0x00007ffce63a0000 - 0x00007ffce63aa000 	C:\WINDOWS\SYSTEM32\VERSION.dll
0x00007ffcf3dc0000 - 0x00007ffcf3e2f000 	C:\WINDOWS\System32\WS2_32.dll
0x00007ffcef280000 - 0x00007ffcef2ad000 	C:\WINDOWS\SYSTEM32\WINMMBASE.dll
0x00007ffcf1e70000 - 0x00007ffcf1eba000 	C:\WINDOWS\System32\cfgmgr32.dll
0x000000005f110000 - 0x000000005f11f000 	C:\Program Files\Java\jdk1.8.0_171\jre\bin\verify.dll
0x000000005f0e0000 - 0x000000005f109000 	C:\Program Files\Java\jdk1.8.0_171\jre\bin\java.dll
0x000000005f0b0000 - 0x000000005f0d3000 	C:\Program Files\Java\jdk1.8.0_171\jre\bin\instrument.dll
0x000000005f090000 - 0x000000005f0a6000 	C:\Program Files\Java\jdk1.8.0_171\jre\bin\zip.dll
0x00007ffcf3510000 - 0x00007ffcf3bf5000 	C:\WINDOWS\System32\SHELL32.dll
0x00007ffcf3d10000 - 0x00007ffcf3db9000 	C:\WINDOWS\System32\shcore.dll
0x00007ffcf1ec0000 - 0x00007ffcf263e000 	C:\WINDOWS\System32\windows.storage.dll
0x00007ffcf1b60000 - 0x00007ffcf1b7f000 	C:\WINDOWS\System32\profapi.dll
0x00007ffcf1b80000 - 0x00007ffcf1bca000 	C:\WINDOWS\System32\powrprof.dll
0x00007ffcf1b30000 - 0x00007ffcf1b40000 	C:\WINDOWS\System32\UMPDC.dll
0x00007ffcf2e40000 - 0x00007ffcf2e92000 	C:\WINDOWS\System32\shlwapi.dll
0x00007ffcf1bd0000 - 0x00007ffcf1be1000 	C:\WINDOWS\System32\kernel.appcore.dll
0x00007ffcf2af0000 - 0x00007ffcf2b07000 	C:\WINDOWS\System32\cryptsp.dll
0x00007ffcf0f10000 - 0x00007ffcf0f43000 	C:\WINDOWS\system32\rsaenh.dll
0x00007ffcf1bf0000 - 0x00007ffcf1c16000 	C:\WINDOWS\System32\bcrypt.dll
0x00007ffcf1a50000 - 0x00007ffcf1a75000 	C:\WINDOWS\SYSTEM32\USERENV.dll
0x00007ffcf1570000 - 0x00007ffcf157c000 	C:\WINDOWS\SYSTEM32\CRYPTBASE.dll
0x000000005f070000 - 0x000000005f08a000 	C:\Program Files\Java\jdk1.8.0_171\jre\bin\net.dll
0x00007ffcf13a0000 - 0x00007ffcf1407000 	C:\WINDOWS\system32\mswsock.dll
0x00007ffcf10b0000 - 0x00007ffcf10ea000 	C:\WINDOWS\SYSTEM32\IPHLPAPI.DLL
0x00007ffcf3d00000 - 0x00007ffcf3d08000 	C:\WINDOWS\System32\NSI.dll
0x00007ffce5f00000 - 0x00007ffce5f16000 	C:\WINDOWS\SYSTEM32\dhcpcsvc6.DLL
0x00007ffce60e0000 - 0x00007ffce60fc000 	C:\WINDOWS\SYSTEM32\dhcpcsvc.DLL
0x00007ffcf10f0000 - 0x00007ffcf11ba000 	C:\WINDOWS\SYSTEM32\DNSAPI.dll
0x000000005f050000 - 0x000000005f061000 	C:\Program Files\Java\jdk1.8.0_171\jre\bin\nio.dll
0x00007ffce9460000 - 0x00007ffce9489000 	C:\Users\lenovo\.vscode\extensions\redhat.java-0.53.1\server\config_win\org.eclipse.equinox.launcher\org.eclipse.equinox.launcher.win32.win32.x86_64_1.1.1100.v20190907-0426\eclipse_1902.dll
0x00007ffce57e0000 - 0x00007ffce57f1000 	C:\Users\lenovo\.vscode\extensions\redhat.java-0.53.1\server\config_win\org.eclipse.osgi\21\0\.cp\jWinHttp-1.0.0.dll
0x00007ffcf4970000 - 0x00007ffcf4ac6000 	C:\WINDOWS\System32\ole32.dll
0x00007ffce5ba0000 - 0x00007ffce5c90000 	C:\WINDOWS\SYSTEM32\WINHTTP.dll

VM Arguments:
jvm_args: -Declipse.application=org.eclipse.jdt.ls.core.id1 -Dosgi.bundles.defaultStartLevel=4 -Declipse.product=org.eclipse.jdt.ls.core.product -Dfile.encoding=utf8 -DwatchParentProcess=false -Xverify:none -Xmx1G -XX:+UseG1GC -XX:+UseStringDeduplication -javaagent:C:\Users\lenovo\.vscode\extensions\gabrielbb.vscode-lombok-0.9.9/server/lombok.jar 
java_command: c:\Users\lenovo\.vscode\extensions\redhat.java-0.53.1\server\plugins\org.eclipse.equinox.launcher_1.5.600.v20191014-2022.jar -configuration c:\Users\lenovo\.vscode\extensions\redhat.java-0.53.1\server\config_win -data c:\Users\lenovo\AppData\Roaming\Code\User\workspaceStorage\ec017bcb58bd5c35a75883f6832615e4\redhat.java\jdt_ws
java_class_path (initial): c:\Users\lenovo\.vscode\extensions\redhat.java-0.53.1\server\plugins\org.eclipse.equinox.launcher_1.5.600.v20191014-2022.jar;C:\Users\lenovo\.vscode\extensions\gabrielbb.vscode-lombok-0.9.9/server/lombok.jar
Launcher Type: SUN_STANDARD

Environment Variables:
JAVA_HOME=C:\Program Files\Java\jdk1.8.0_171
CLASSPATH=.;C:\Program Files\Java\jdk1.8.0_171\lib\dt.jar;C:\Program Files\Java\jdk1.8.0_171\lib\tools.jar;
PATH="C:\Program Files (x86)\Common Files\Oracle\Java\javapath;C:;Pr;gram Files\Java\jdk1.8.0_171\bin;C:\Program Files (x86)\Microsoft SQL Server\120\DTS\Binn\;C:\Program Files (x86)\Microsoft SQL Server\Client SDK\ODBC\110\Tools\Binn\;C:\Program Files (x86)\Microsoft SQL Server\120\Tools\Binn\;C:\Program Files (x86)\Microsoft SQL Server\120\Tools\Binn\ManagementStudio\;H:\Git\cmd;C:\WINDOWS\system32;C:\WINDOWS;C:\WINDOWS\System32\Wbem;C:\WINDOWS\System32\WindowsPowerShell\v1.0\;C:\WINDOWS\System32\OpenSSH\;G:\;it\cmd;软件工程\;E:\;习\软件工程\Git\cmd;C:\P;ogram Files\Git\cmd;E:\学习\软件工程\Git\cmd";E:\学习;软件工程\Git\cmd;C:\;sers\lenovo\AppData\Roaming\npm;E:\学习\软件工程\nodejs;";%NO;E_PATH%";C:\Program Files\nodejs\;C:\Program Files\Git\cmd;E:\学习\软件工程\xiaochengxu\tool\gradle-5.6.1-bin\gradle-5.6.1\bin;C:\Users\lenovo\AppData\Local\Microsoft\WindowsApps;E:\学习\软件工程\Microsoft VS Code\bin;;C:\Users\lenovo\AppData\Local\Programs\Microsoft VS Code\bin;C:\Users\lenovo\AppData\Roaming\npm
USERNAME=lenovo
OS=Windows_NT
PROCESSOR_IDENTIFIER=Intel64 Family 6 Model 142 Stepping 9, GenuineIntel



---------------  S Y S T E M  ---------------

OS: Windows 10.0 , 64 bit Build 18362 (10.0.18362.329)

CPU:total 4 (initial active 4) (2 cores per cpu, 2 threads per core) family 6 model 142 stepping 9, cmov, cx8, fxsr, mmx, sse, sse2, sse3, ssse3, sse4.1, sse4.2, popcnt, avx, avx2, aes, clmul, erms, 3dnowpref, lzcnt, ht, tsc, tscinvbit, bmi1, bmi2, adx

Memory: 4k page, physical 4033548k(771356k free), swap 5949320k(2756k free)

vm_info: Java HotSpot(TM) 64-Bit Server VM (25.171-b11) for windows-amd64 JRE (1.8.0_171-b11), built on Mar 28 2018 16:06:12 by "java_re" with MS VC++ 10.0 (VS2010)

time: Thu Nov 21 21:11:55 2019
elapsed time: 51 seconds (0d 0h 0m 51s)

