#
# There is insufficient memory for the Java Runtime Environment to continue.
# Native memory allocation (malloc) failed to allocate 32744 bytes for ChunkPool::allocate
# Possible reasons:
#   The system is out of physical RAM or swap space
#   In 32 bit mode, the process size limit was hit
# Possible solutions:
#   Reduce memory load on the system
#   Increase physical memory or swap space
#   Check if swap backing store is full
#   Use 64 bit Java on a 64 bit OS
#   Decrease Java heap size (-Xmx/-Xms)
#   Decrease number of Java threads
#   Decrease Java thread stack sizes (-Xss)
#   Set larger code cache with -XX:ReservedCodeCacheSize=
# This output file may be truncated or incomplete.
#
#  Out of Memory Error (allocation.cpp:273), pid=30904, tid=0x0000000000009eac
#
# JRE version: Java(TM) SE Runtime Environment (8.0_171-b11) (build 1.8.0_171-b11)
# Java VM: Java HotSpot(TM) 64-Bit Server VM (25.171-b11 mixed mode windows-amd64 compressed oops)
# Failed to write core dump. Minidumps are not enabled by default on client versions of Windows
#

---------------  T H R E A D  ---------------

Current thread (0x0000000018d63800):  JavaThread "C1 CompilerThread2" daemon [_thread_in_vm, id=40620, stack(0x00000000196c0000,0x00000000197c0000)]

Stack: [0x00000000196c0000,0x00000000197c0000]
[error occurred during error reporting (printing stack bounds), id 0xc0000005]

Native frames: (J=compiled Java code, j=interpreted, Vv=VM code, C=native code)


Current CompileTask:
C1:  60342 1737       3       sun.invoke.util.VerifyAccess::isTypeVisible (118 bytes)


---------------  P R O C E S S  ---------------

Java Threads: ( => current thread )
  0x0000000019f24000 JavaThread "Worker-JM" [_thread_blocked, id=40188, stack(0x000000001be40000,0x000000001bf40000)]
  0x0000000018f07000 JavaThread "Bundle File Closer" daemon [_thread_blocked, id=40548, stack(0x000000001bb40000,0x000000001bc40000)]
  0x0000000019f7a800 JavaThread "Start Level: Equinox Container: 4ad12c7f-1821-427c-ac7e-d92578934c73" daemon [_thread_blocked, id=38924, stack(0x000000001b390000,0x000000001b490000)]
  0x000000001a1a5800 JavaThread "Framework Event Dispatcher: Equinox Container: 4ad12c7f-1821-427c-ac7e-d92578934c73" daemon [_thread_blocked, id=40896, stack(0x000000001b290000,0x000000001b390000)]
  0x0000000019b0a800 JavaThread "Active Thread: Equinox Container: 4ad12c7f-1821-427c-ac7e-d92578934c73" [_thread_blocked, id=34260, stack(0x000000001b190000,0x000000001b290000)]
  0x0000000018d69000 JavaThread "Service Thread" daemon [_thread_blocked, id=40372, stack(0x00000000197c0000,0x00000000198c0000)]
=>0x0000000018d63800 JavaThread "C1 CompilerThread2" daemon [_thread_in_vm, id=40620, stack(0x00000000196c0000,0x00000000197c0000)]
  0x0000000018d61000 JavaThread "C2 CompilerThread1" daemon [_thread_blocked, id=40556, stack(0x00000000195c0000,0x00000000196c0000)]
  0x0000000018d60000 JavaThread "C2 CompilerThread0" daemon [_thread_blocked, id=40112, stack(0x00000000194c0000,0x00000000195c0000)]
  0x0000000018cf1800 JavaThread "Attach Listener" daemon [_thread_blocked, id=39632, stack(0x00000000193c0000,0x00000000194c0000)]
  0x0000000018cf1000 JavaThread "Signal Dispatcher" daemon [_thread_blocked, id=39624, stack(0x00000000192c0000,0x00000000193c0000)]
  0x0000000018cd9000 JavaThread "Surrogate Locker Thread (Concurrent GC)" daemon [_thread_blocked, id=40100, stack(0x00000000191c0000,0x00000000192c0000)]
  0x0000000018c4f000 JavaThread "Finalizer" daemon [_thread_blocked, id=34648, stack(0x00000000190c0000,0x00000000191c0000)]
  0x0000000018c48000 JavaThread "Reference Handler" daemon [_thread_blocked, id=17888, stack(0x0000000018fc0000,0x00000000190c0000)]
  0x0000000002cfe800 JavaThread "main" [_thread_blocked, id=40956, stack(0x0000000002b40000,0x0000000002c40000)]

Other Threads:
  0x0000000018c40000 VMThread [stack: 0x00000000189e0000,0x0000000018ae0000] [id=40920]
  0x0000000018fb4000 WatcherThread [stack: 0x00000000198c0000,0x00000000199c0000] [id=38956]

VM state:synchronizing (normal execution)

VM Mutex/Monitor currently owned by a thread:  ([mutex/lock_event])
[0x0000000002ea1760] Threads_lock - owner thread: 0x0000000018c40000

Heap:
 garbage-first heap   total 63488K, used 37239K [0x00000000c0000000, 0x00000000c01001f0, 0x0000000100000000)
  region size 1024K, 33 young (33792K), 5 survivors (5120K)
 Metaspace       used 14275K, capacity 15084K, committed 15360K, reserved 1062912K
  class space    used 1471K, capacity 1708K, committed 1792K, reserved 1048576K

Heap Regions: (Y=young(eden), SU=young(survivor), HS=humongous(starts), HC=humongous(continues), CS=collection set, F=free, TS=gc time stamp, PTAMS=previous top-at-mark-start, NTAMS=next top-at-mark-start)
AC   0  O    TS     7 PTAMS 0x00000000c0000000 NTAMS 0x00000000c0000000 space 1024K, 100% used [0x00000000c0000000, 0x00000000c0100000)
AC   0  O    TS     9 PTAMS 0x00000000c0100000 NTAMS 0x00000000c0100000 space 1024K, 100% used [0x00000000c0100000, 0x00000000c0200000)
AC   0  O    TS     9 PTAMS 0x00000000c0200000 NTAMS 0x00000000c0200000 space 1024K, 100% used [0x00000000c0200000, 0x00000000c0300000)
AC   0  O    TS    13 PTAMS 0x00000000c0300000 NTAMS 0x00000000c0300000 space 1024K, 100% used [0x00000000c0300000, 0x00000000c0400000)
AC   0  O    TS    13 PTAMS 0x00000000c0400000 NTAMS 0x00000000c0400000 space 1024K,  36% used [0x00000000c0400000, 0x00000000c0500000)
AC   0  F    TS     0 PTAMS 0x00000000c0500000 NTAMS 0x00000000c0500000 space 1024K,   0% used [0x00000000c0500000, 0x00000000c0600000)
AC   0  F    TS     0 PTAMS 0x00000000c0600000 NTAMS 0x00000000c0600000 space 1024K,   0% used [0x00000000c0600000, 0x00000000c0700000)
AC   0  F    TS     0 PTAMS 0x00000000c0700000 NTAMS 0x00000000c0700000 space 1024K,   0% used [0x00000000c0700000, 0x00000000c0800000)
AC   0  F    TS     0 PTAMS 0x00000000c0800000 NTAMS 0x00000000c0800000 space 1024K,   0% used [0x00000000c0800000, 0x00000000c0900000)
AC   0  F    TS     0 PTAMS 0x00000000c0900000 NTAMS 0x00000000c0900000 space 1024K,   0% used [0x00000000c0900000, 0x00000000c0a00000)
AC   0  F    TS     0 PTAMS 0x00000000c0a00000 NTAMS 0x00000000c0a00000 space 1024K,   0% used [0x00000000c0a00000, 0x00000000c0b00000)
AC   0  F    TS     0 PTAMS 0x00000000c0b00000 NTAMS 0x00000000c0b00000 space 1024K,   0% used [0x00000000c0b00000, 0x00000000c0c00000)
AC   0  F    TS     0 PTAMS 0x00000000c0c00000 NTAMS 0x00000000c0c00000 space 1024K,   0% used [0x00000000c0c00000, 0x00000000c0d00000)
AC   0  F    TS     0 PTAMS 0x00000000c0d00000 NTAMS 0x00000000c0d00000 space 1024K,   0% used [0x00000000c0d00000, 0x00000000c0e00000)
AC   0  F    TS     0 PTAMS 0x00000000c0e00000 NTAMS 0x00000000c0e00000 space 1024K,   0% used [0x00000000c0e00000, 0x00000000c0f00000)
AC   0  F    TS     0 PTAMS 0x00000000c0f00000 NTAMS 0x00000000c0f00000 space 1024K,   0% used [0x00000000c0f00000, 0x00000000c1000000)
AC   0  F    TS     0 PTAMS 0x00000000c1000000 NTAMS 0x00000000c1000000 space 1024K,   0% used [0x00000000c1000000, 0x00000000c1100000)
AC   0  F    TS     0 PTAMS 0x00000000c1100000 NTAMS 0x00000000c1100000 space 1024K,   0% used [0x00000000c1100000, 0x00000000c1200000)
AC   0  F    TS     0 PTAMS 0x00000000c1200000 NTAMS 0x00000000c1200000 space 1024K,   0% used [0x00000000c1200000, 0x00000000c1300000)
AC   0  F    TS     0 PTAMS 0x00000000c1300000 NTAMS 0x00000000c1300000 space 1024K,   0% used [0x00000000c1300000, 0x00000000c1400000)
AC   0  S CS TS    13 PTAMS 0x00000000c1400000 NTAMS 0x00000000c1400000 space 1024K, 100% used [0x00000000c1400000, 0x00000000c1500000)
AC   0  S CS TS    13 PTAMS 0x00000000c1500000 NTAMS 0x00000000c1500000 space 1024K, 100% used [0x00000000c1500000, 0x00000000c1600000)
AC   0  S CS TS    13 PTAMS 0x00000000c1600000 NTAMS 0x00000000c1600000 space 1024K, 100% used [0x00000000c1600000, 0x00000000c1700000)
AC   0  S CS TS    13 PTAMS 0x00000000c1700000 NTAMS 0x00000000c1700000 space 1024K, 100% used [0x00000000c1700000, 0x00000000c1800000)
AC   0  S CS TS    13 PTAMS 0x00000000c1800000 NTAMS 0x00000000c1800000 space 1024K, 100% used [0x00000000c1800000, 0x00000000c1900000)
AC   0  F    TS    11 PTAMS 0x00000000c1900000 NTAMS 0x00000000c1900000 space 1024K,   0% used [0x00000000c1900000, 0x00000000c1a00000)
AC   0  F    TS    11 PTAMS 0x00000000c1a00000 NTAMS 0x00000000c1a00000 space 1024K,   0% used [0x00000000c1a00000, 0x00000000c1b00000)
AC   0  F    TS    11 PTAMS 0x00000000c1b00000 NTAMS 0x00000000c1b00000 space 1024K,   0% used [0x00000000c1b00000, 0x00000000c1c00000)
AC   0  F    TS    11 PTAMS 0x00000000c1c00000 NTAMS 0x00000000c1c00000 space 1024K,   0% used [0x00000000c1c00000, 0x00000000c1d00000)
AC   0  F    TS     9 PTAMS 0x00000000c1d00000 NTAMS 0x00000000c1d00000 space 1024K,   0% used [0x00000000c1d00000, 0x00000000c1e00000)
AC   0  F    TS     0 PTAMS 0x00000000c1e00000 NTAMS 0x00000000c1e00000 space 1024K,   0% used [0x00000000c1e00000, 0x00000000c1f00000)
AC   0  F    TS     0 PTAMS 0x00000000c1f00000 NTAMS 0x00000000c1f00000 space 1024K,   0% used [0x00000000c1f00000, 0x00000000c2000000)
AC   0  F    TS     0 PTAMS 0x00000000c2000000 NTAMS 0x00000000c2000000 space 1024K,   0% used [0x00000000c2000000, 0x00000000c2100000)
AC   0  F    TS     0 PTAMS 0x00000000c2100000 NTAMS 0x00000000c2100000 space 1024K,   0% used [0x00000000c2100000, 0x00000000c2200000)
AC   0  E    TS     0 PTAMS 0x00000000c2200000 NTAMS 0x00000000c2200000 space 1024K,  91% used [0x00000000c2200000, 0x00000000c2300000)
AC   0  E CS TS     0 PTAMS 0x00000000c2300000 NTAMS 0x00000000c2300000 space 1024K, 100% used [0x00000000c2300000, 0x00000000c2400000)
AC   0  E CS TS     0 PTAMS 0x00000000c2400000 NTAMS 0x00000000c2400000 space 1024K, 100% used [0x00000000c2400000, 0x00000000c2500000)
AC   0  E CS TS     0 PTAMS 0x00000000c2500000 NTAMS 0x00000000c2500000 space 1024K, 100% used [0x00000000c2500000, 0x00000000c2600000)
AC   0  E CS TS     0 PTAMS 0x00000000c2600000 NTAMS 0x00000000c2600000 space 1024K, 100% used [0x00000000c2600000, 0x00000000c2700000)
AC   0  E CS TS     0 PTAMS 0x00000000c2700000 NTAMS 0x00000000c2700000 space 1024K, 100% used [0x00000000c2700000, 0x00000000c2800000)
AC   0  E CS TS     0 PTAMS 0x00000000c2800000 NTAMS 0x00000000c2800000 space 1024K, 100% used [0x00000000c2800000, 0x00000000c2900000)
AC   0  E CS TS     0 PTAMS 0x00000000c2900000 NTAMS 0x00000000c2900000 space 1024K, 100% used [0x00000000c2900000, 0x00000000c2a00000)
AC   0  E CS TS     0 PTAMS 0x00000000c2a00000 NTAMS 0x00000000c2a00000 space 1024K, 100% used [0x00000000c2a00000, 0x00000000c2b00000)
AC   0  E CS TS     0 PTAMS 0x00000000c2b00000 NTAMS 0x00000000c2b00000 space 1024K, 100% used [0x00000000c2b00000, 0x00000000c2c00000)
AC   0  E CS TS     0 PTAMS 0x00000000c2c00000 NTAMS 0x00000000c2c00000 space 1024K, 100% used [0x00000000c2c00000, 0x00000000c2d00000)
AC   0  E CS TS     0 PTAMS 0x00000000c2d00000 NTAMS 0x00000000c2d00000 space 1024K, 100% used [0x00000000c2d00000, 0x00000000c2e00000)
AC   0  E CS TS     0 PTAMS 0x00000000c2e00000 NTAMS 0x00000000c2e00000 space 1024K, 100% used [0x00000000c2e00000, 0x00000000c2f00000)
AC   0  E CS TS     0 PTAMS 0x00000000c2f00000 NTAMS 0x00000000c2f00000 space 1024K, 100% used [0x00000000c2f00000, 0x00000000c3000000)
AC   0  E CS TS     0 PTAMS 0x00000000c3000000 NTAMS 0x00000000c3000000 space 1024K, 100% used [0x00000000c3000000, 0x00000000c3100000)
AC   0  E CS TS     0 PTAMS 0x00000000c3100000 NTAMS 0x00000000c3100000 space 1024K, 100% used [0x00000000c3100000, 0x00000000c3200000)
AC   0  E CS TS     0 PTAMS 0x00000000c3200000 NTAMS 0x00000000c3200000 space 1024K, 100% used [0x00000000c3200000, 0x00000000c3300000)
AC   0  E CS TS     3 PTAMS 0x00000000c3300000 NTAMS 0x00000000c3300000 space 1024K, 100% used [0x00000000c3300000, 0x00000000c3400000)
AC   0  E CS TS     3 PTAMS 0x00000000c3400000 NTAMS 0x00000000c3400000 space 1024K, 100% used [0x00000000c3400000, 0x00000000c3500000)
AC   0  E CS TS     0 PTAMS 0x00000000c3500000 NTAMS 0x00000000c3500000 space 1024K, 100% used [0x00000000c3500000, 0x00000000c3600000)
AC   0  E CS TS     0 PTAMS 0x00000000c3600000 NTAMS 0x00000000c3600000 space 1024K, 100% used [0x00000000c3600000, 0x00000000c3700000)
AC   0  E CS TS     0 PTAMS 0x00000000c3700000 NTAMS 0x00000000c3700000 space 1024K, 100% used [0x00000000c3700000, 0x00000000c3800000)
AC   0  E CS TS     1 PTAMS 0x00000000c3800000 NTAMS 0x00000000c3800000 space 1024K, 100% used [0x00000000c3800000, 0x00000000c3900000)
AC   0  E CS TS     0 PTAMS 0x00000000c3900000 NTAMS 0x00000000c3900000 space 1024K, 100% used [0x00000000c3900000, 0x00000000c3a00000)
AC   0  E CS TS     0 PTAMS 0x00000000c3a00000 NTAMS 0x00000000c3a00000 space 1024K, 100% used [0x00000000c3a00000, 0x00000000c3b00000)
AC   0  E CS TS     0 PTAMS 0x00000000c3b00000 NTAMS 0x00000000c3b00000 space 1024K, 100% used [0x00000000c3b00000, 0x00000000c3c00000)
AC   0  E CS TS     0 PTAMS 0x00000000c3c00000 NTAMS 0x00000000c3c00000 space 1024K, 100% used [0x00000000c3c00000, 0x00000000c3d00000)
AC   0  E CS TS     0 PTAMS 0x00000000c3d00000 NTAMS 0x00000000c3d00000 space 1024K, 100% used [0x00000000c3d00000, 0x00000000c3e00000)

Card table byte_map: [0x00000000134a0000,0x00000000136a0000] byte_map_base: 0x0000000012ea0000

Marking Bits (Prev, Next): (CMBitMap*) 0x0000000002ed9a18, (CMBitMap*) 0x0000000002ed9a70
 Prev Bits: [0x00000000138a0000, 0x00000000148a0000)
 Next Bits: [0x00000000148a0000, 0x00000000158a0000)

Polling page: 0x0000000002730000

CodeCache: size=245760Kb used=5820Kb max_used=5833Kb free=239939Kb
 bounds [0x0000000002fa0000, 0x0000000003560000, 0x0000000011fa0000]
 total_blobs=1964 nmethods=1574 adapters=302
 compilation: enabled

Compilation events (10 events):
Event: 57.446 Thread 0x0000000018d63800 nmethod 1732 0x000000000354ea50 code [0x000000000354ebc0, 0x000000000354ef08]
Event: 57.558 Thread 0x0000000018d60000 1733       4       java.util.regex.Matcher::find (69 bytes)
Event: 57.559 Thread 0x0000000018d60000 nmethod 1733 0x000000000353d550 code [0x000000000353d6a0, 0x000000000353d788]
Event: 57.695 Thread 0x0000000018d63800 1734       3       java.util.ArrayDeque::isEmpty (17 bytes)
Event: 57.696 Thread 0x0000000018d63800 nmethod 1734 0x000000000354e6d0 code [0x000000000354e820, 0x000000000354e9d0]
Event: 57.822 Thread 0x0000000018d61000 1735       4       java.util.regex.Matcher::replaceAll (59 bytes)
Event: 57.823 Thread 0x0000000018d63800 1736       3       org.eclipse.osgi.internal.framework.EquinoxContainer::isBootDelegationPackage (72 bytes)
Event: 57.823 Thread 0x0000000018d63800 nmethod 1736 0x0000000003550b90 code [0x0000000003550d20, 0x00000000035512f8]
Event: 57.825 Thread 0x0000000018d63800 1737       3       sun.invoke.util.VerifyAccess::isTypeVisible (118 bytes)
Event: 57.946 Thread 0x0000000018d61000 nmethod 1735 0x0000000003556a10 code [0x0000000003556be0, 0x00000000035577b0]

GC Heap History (10 events):
Event: 13.934 GC heap before
{Heap before GC invocations=2 (full 0):
 garbage-first heap   total 63488K, used 37442K [0x00000000c0000000, 0x00000000c01001f0, 0x0000000100000000)
  region size 1024K, 37 young (37888K), 2 survivors (2048K)
 Metaspace       used 5702K, capacity 5962K, committed 6144K, reserved 1056768K
  class space    used 602K, capacity 673K, committed 768K, reserved 1048576K
Event: 13.977 GC heap after
Heap after GC invocations=3 (full 0):
 garbage-first heap   total 63488K, used 3322K [0x00000000c0000000, 0x00000000c01001f0, 0x0000000100000000)
  region size 1024K, 4 young (4096K), 4 survivors (4096K)
 Metaspace       used 5702K, capacity 5962K, committed 6144K, reserved 1056768K
  class space    used 602K, capacity 673K, committed 768K, reserved 1048576K
}
Event: 20.976 GC heap before
{Heap before GC invocations=3 (full 0):
 garbage-first heap   total 63488K, used 37114K [0x00000000c0000000, 0x00000000c01001f0, 0x0000000100000000)
  region size 1024K, 37 young (37888K), 4 survivors (4096K)
 Metaspace       used 7291K, capacity 7530K, committed 7808K, reserved 1056768K
  class space    used 759K, capacity 833K, committed 896K, reserved 1048576K
Event: 20.985 GC heap after
Heap after GC invocations=4 (full 0):
 garbage-first heap   total 63488K, used 6181K [0x00000000c0000000, 0x00000000c01001f0, 0x0000000100000000)
  region size 1024K, 5 young (5120K), 5 survivors (5120K)
 Metaspace       used 7291K, capacity 7530K, committed 7808K, reserved 1056768K
  class space    used 759K, capacity 833K, committed 896K, reserved 1048576K
}
Event: 24.236 GC heap before
{Heap before GC invocations=4 (full 0):
 garbage-first heap   total 63488K, used 38949K [0x00000000c0000000, 0x00000000c01001f0, 0x0000000100000000)
  region size 1024K, 37 young (37888K), 5 survivors (5120K)
 Metaspace       used 8907K, capacity 9278K, committed 9600K, reserved 1058816K
  class space    used 920K, capacity 1046K, committed 1152K, reserved 1048576K
Event: 24.246 GC heap after
Heap after GC invocations=5 (full 0):
 garbage-first heap   total 63488K, used 8612K [0x00000000c0000000, 0x00000000c01001f0, 0x0000000100000000)
  region size 1024K, 5 young (5120K), 5 survivors (5120K)
 Metaspace       used 8907K, capacity 9278K, committed 9600K, reserved 1058816K
  class space    used 920K, capacity 1046K, committed 1152K, reserved 1048576K
}
Event: 30.953 GC heap before
{Heap before GC invocations=5 (full 0):
 garbage-first heap   total 63488K, used 41380K [0x00000000c0000000, 0x00000000c01001f0, 0x0000000100000000)
  region size 1024K, 37 young (37888K), 5 survivors (5120K)
 Metaspace       used 10868K, capacity 11216K, committed 11520K, reserved 1058816K
  class space    used 1145K, capacity 1245K, committed 1280K, reserved 1048576K
Event: 30.958 GC heap after
Heap after GC invocations=6 (full 0):
 garbage-first heap   total 63488K, used 7588K [0x00000000c0000000, 0x00000000c01001f0, 0x0000000100000000)
  region size 1024K, 4 young (4096K), 4 survivors (4096K)
 Metaspace       used 10868K, capacity 11216K, committed 11520K, reserved 1058816K
  class space    used 1145K, capacity 1245K, committed 1280K, reserved 1048576K
}
Event: 51.895 GC heap before
{Heap before GC invocations=6 (full 0):
 garbage-first heap   total 63488K, used 41380K [0x00000000c0000000, 0x00000000c01001f0, 0x0000000100000000)
  region size 1024K, 37 young (37888K), 4 survivors (4096K)
 Metaspace       used 12617K, capacity 13326K, committed 13568K, reserved 1060864K
  class space    used 1311K, capacity 1479K, committed 1536K, reserved 1048576K
Event: 51.904 GC heap after
Heap after GC invocations=7 (full 0):
 garbage-first heap   total 63488K, used 9591K [0x00000000c0000000, 0x00000000c01001f0, 0x0000000100000000)
  region size 1024K, 5 young (5120K), 5 survivors (5120K)
 Metaspace       used 12617K, capacity 13326K, committed 13568K, reserved 1060864K
  class space    used 1311K, capacity 1479K, committed 1536K, reserved 1048576K
}

Deoptimization events (10 events):
Event: 51.913 Thread 0x0000000019f7a800 Uncommon trap: reason=unstable_if action=reinterpret pc=0x00000000033e0c5c method=java.lang.ThreadLocal$ThreadLocalMap.getEntry(Ljava/lang/ThreadLocal;)Ljava/lang/ThreadLocal$ThreadLocalMap$Entry; @ 29
Event: 55.822 Thread 0x0000000019f7a800 Uncommon trap: reason=unstable_if action=reinterpret pc=0x0000000003175634 method=lombok.patcher.PatchScript.classMatches(Ljava/lang/String;Ljava/util/Collection;)Z @ 25
Event: 55.963 Thread 0x0000000019f7a800 Uncommon trap: reason=unstable_if action=reinterpret pc=0x00000000031524b4 method=java.util.regex.Pattern$Start.match(Ljava/util/regex/Matcher;ILjava/lang/CharSequence;)Z @ 10
Event: 58.163 Thread 0x0000000019f7a800 Uncommon trap: reason=bimorphic action=maybe_recompile pc=0x000000000352c9f0 method=java.io.DataInputStream.readInt()I @ 4
Event: 58.164 Thread 0x0000000019f7a800 Uncommon trap: reason=bimorphic action=maybe_recompile pc=0x000000000352c9f0 method=java.io.DataInputStream.readInt()I @ 4
Event: 58.164 Thread 0x0000000019f7a800 Uncommon trap: reason=bimorphic action=maybe_recompile pc=0x000000000352c9f0 method=java.io.DataInputStream.readInt()I @ 4
Event: 58.165 Thread 0x0000000019f7a800 Uncommon trap: reason=class_check action=maybe_recompile pc=0x000000000324b448 method=java.io.DataInputStream.readFully([BII)V @ 34
Event: 58.166 Thread 0x0000000019f7a800 Uncommon trap: reason=bimorphic action=maybe_recompile pc=0x000000000352c9f0 method=java.io.DataInputStream.readInt()I @ 4
Event: 58.166 Thread 0x0000000019f7a800 Uncommon trap: reason=class_check action=maybe_recompile pc=0x000000000324b448 method=java.io.DataInputStream.readFully([BII)V @ 34
Event: 58.166 Thread 0x0000000019f7a800 Uncommon trap: reason=class_check action=maybe_recompile pc=0x000000000324b448 method=java.io.DataInputStream.readFully([BII)V @ 34

Classes redefined (0 events):
No events

Internal exceptions (10 events):
Event: 14.336 Thread 0x0000000002cfe800 Implicit null exception at 0x00000000030dbf95 to 0x00000000030dc14d
Event: 14.338 Thread 0x0000000002cfe800 Exception <a 'java/io/FileNotFoundException'> (0x00000000c3c0f100) thrown at [C:\re\workspace\8-2-build-windows-amd64-cygwin\jdk8u171\10807\hotspot\src\share\vm\prims\jni.cpp, line 709]
Event: 15.534 Thread 0x0000000002cfe800 Implicit null exception at 0x00000000031c1498 to 0x00000000031c1526
Event: 18.003 Thread 0x0000000002cfe800 Implicit null exception at 0x0000000003159be3 to 0x0000000003159ec1
Event: 22.979 Thread 0x000000001a1a5800 Implicit null exception at 0x00000000031b948c to 0x00000000031b95b5
Event: 22.982 Thread 0x0000000002cfe800 Exception <a 'java/lang/UnsatisfiedLinkError': org.eclipse.equinox.launcher.JNIBridge._update_splash()V> (0x00000000c24a1a10) thrown at [C:\re\workspace\8-2-build-windows-amd64-cygwin\jdk8u171\10807\hotspot\src\share\vm\prims\nativeLookup.cpp, line 378]
Event: 24.538 Thread 0x0000000019f7a800 Exception <a 'java/lang/NoSuchFieldError': method resolution failed> (0x00000000c3662848) thrown at [C:\re\workspace\8-2-build-windows-amd64-cygwin\jdk8u171\10807\hotspot\src\share\vm\prims\methodHandles.cpp, line 1167]
Event: 24.541 Thread 0x0000000019f7a800 Exception <a 'java/lang/NoSuchFieldError': method resolution failed> (0x00000000c3684c08) thrown at [C:\re\workspace\8-2-build-windows-amd64-cygwin\jdk8u171\10807\hotspot\src\share\vm\prims\methodHandles.cpp, line 1167]
Event: 47.611 Thread 0x0000000019f7a800 Exception <a 'java/io/FileNotFoundException'> (0x00000000c2c61858) thrown at [C:\re\workspace\8-2-build-windows-amd64-cygwin\jdk8u171\10807\hotspot\src\share\vm\prims\jni.cpp, line 709]
Event: 57.558 Thread 0x0000000019f7a800 Exception <a 'java/io/FileNotFoundException'> (0x00000000c2cbd090) thrown at [C:\re\workspace\8-2-build-windows-amd64-cygwin\jdk8u171\10807\hotspot\src\share\vm\prims\jni.cpp, line 709]

Events (10 events):
Event: 58.165 Thread 0x0000000019f7a800 DEOPT UNPACKING pc=0x0000000002fe583b sp=0x000000001b48c938 mode 2
Event: 58.166 Thread 0x0000000019f7a800 Uncommon trap: trap_request=0xffffffc6 fr.pc=0x000000000352c9f0
Event: 58.166 Thread 0x0000000019f7a800 DEOPT PACKING pc=0x000000000352c9f0 sp=0x000000001b48ca60
Event: 58.166 Thread 0x0000000019f7a800 DEOPT UNPACKING pc=0x0000000002fe583b sp=0x000000001b48ca28 mode 2
Event: 58.166 Thread 0x0000000019f7a800 Uncommon trap: trap_request=0xffffffde fr.pc=0x000000000324b448
Event: 58.166 Thread 0x0000000019f7a800 DEOPT PACKING pc=0x000000000324b448 sp=0x000000001b48c950
Event: 58.166 Thread 0x0000000019f7a800 DEOPT UNPACKING pc=0x0000000002fe583b sp=0x000000001b48c8a8 mode 2
Event: 58.166 Thread 0x0000000019f7a800 Uncommon trap: trap_request=0xffffffde fr.pc=0x000000000324b448
Event: 58.166 Thread 0x0000000019f7a800 DEOPT PACKING pc=0x000000000324b448 sp=0x000000001b48c950
Event: 58.166 Thread 0x0000000019f7a800 DEOPT UNPACKING pc=0x0000000002fe583b sp=0x000000001b48c8a8 mode 2


Dynamic libraries:
0x00007ff658f80000 - 0x00007ff658fb7000 	C:\Program Files\Java\jdk1.8.0_171\bin\java.exe
0x00007ffeb0e40000 - 0x00007ffeb1030000 	C:\WINDOWS\SYSTEM32\ntdll.dll
0x00007ffeaf9c0000 - 0x00007ffeafa72000 	C:\WINDOWS\System32\KERNEL32.DLL
0x00007ffeae8d0000 - 0x00007ffeaeb73000 	C:\WINDOWS\System32\KERNELBASE.dll
0x00007ffeb0170000 - 0x00007ffeb0213000 	C:\WINDOWS\System32\ADVAPI32.dll
0x00007ffeb0d60000 - 0x00007ffeb0dfe000 	C:\WINDOWS\System32\msvcrt.dll
0x00007ffeaf8b0000 - 0x00007ffeaf947000 	C:\WINDOWS\System32\sechost.dll
0x00007ffeb07e0000 - 0x00007ffeb0900000 	C:\WINDOWS\System32\RPCRT4.dll
0x00007ffeaf020000 - 0x00007ffeaf1b4000 	C:\WINDOWS\System32\USER32.dll
0x00007ffeaddd0000 - 0x00007ffeaddf1000 	C:\WINDOWS\System32\win32u.dll
0x00007ffeb0660000 - 0x00007ffeb0686000 	C:\WINDOWS\System32\GDI32.dll
0x00007ffeadeb0000 - 0x00007ffeae044000 	C:\WINDOWS\System32\gdi32full.dll
0x00007ffeae050000 - 0x00007ffeae0ee000 	C:\WINDOWS\System32\msvcp_win.dll
0x00007ffeaecf0000 - 0x00007ffeaedea000 	C:\WINDOWS\System32\ucrtbase.dll
0x00007ffe9e080000 - 0x00007ffe9e305000 	C:\WINDOWS\WinSxS\amd64_microsoft.windows.common-controls_6595b64144ccf1df_6.0.18362.476_none_e6c4b11b130f2595\COMCTL32.dll
0x00007ffeb09b0000 - 0x00007ffeb0ce6000 	C:\WINDOWS\System32\combase.dll
0x00007ffeaee20000 - 0x00007ffeaeea0000 	C:\WINDOWS\System32\bcryptPrimitives.dll
0x00007ffeb00c0000 - 0x00007ffeb00ee000 	C:\WINDOWS\System32\IMM32.DLL
0x0000000055910000 - 0x00000000559e2000 	C:\Program Files\Java\jdk1.8.0_171\jre\bin\msvcr100.dll
0x0000000055070000 - 0x0000000055910000 	C:\Program Files\Java\jdk1.8.0_171\jre\bin\server\jvm.dll
0x00007ffeafbd0000 - 0x00007ffeafbd8000 	C:\WINDOWS\System32\PSAPI.DLL
0x00007ffea3d90000 - 0x00007ffea3d99000 	C:\WINDOWS\SYSTEM32\WSOCK32.dll
0x00007ffeb0cf0000 - 0x00007ffeb0d5f000 	C:\WINDOWS\System32\WS2_32.dll
0x00007ffeaa7d0000 - 0x00007ffeaa7f4000 	C:\WINDOWS\SYSTEM32\WINMM.dll
0x00007ffea2790000 - 0x00007ffea279a000 	C:\WINDOWS\SYSTEM32\VERSION.dll
0x00007ffeaa7a0000 - 0x00007ffeaa7cd000 	C:\WINDOWS\SYSTEM32\WINMMBASE.dll
0x00007ffeaeea0000 - 0x00007ffeaeeea000 	C:\WINDOWS\System32\cfgmgr32.dll
0x0000000055a80000 - 0x0000000055a8f000 	C:\Program Files\Java\jdk1.8.0_171\jre\bin\verify.dll
0x0000000055a50000 - 0x0000000055a79000 	C:\Program Files\Java\jdk1.8.0_171\jre\bin\java.dll
0x0000000055040000 - 0x0000000055063000 	C:\Program Files\Java\jdk1.8.0_171\jre\bin\instrument.dll
0x0000000055020000 - 0x0000000055036000 	C:\Program Files\Java\jdk1.8.0_171\jre\bin\zip.dll
0x00007ffeaf1c0000 - 0x00007ffeaf8a5000 	C:\WINDOWS\System32\SHELL32.dll
0x00007ffeb0900000 - 0x00007ffeb09a9000 	C:\WINDOWS\System32\shcore.dll
0x00007ffeae150000 - 0x00007ffeae8ce000 	C:\WINDOWS\System32\windows.storage.dll
0x00007ffeadd60000 - 0x00007ffeadd7f000 	C:\WINDOWS\System32\profapi.dll
0x00007ffeadd80000 - 0x00007ffeaddca000 	C:\WINDOWS\System32\powrprof.dll
0x00007ffeadd10000 - 0x00007ffeadd20000 	C:\WINDOWS\System32\UMPDC.dll
0x00007ffeb0380000 - 0x00007ffeb03d2000 	C:\WINDOWS\System32\shlwapi.dll
0x00007ffeadd20000 - 0x00007ffeadd31000 	C:\WINDOWS\System32\kernel.appcore.dll
0x00007ffeaeb80000 - 0x00007ffeaeb97000 	C:\WINDOWS\System32\cryptsp.dll
0x00007ffead0f0000 - 0x00007ffead123000 	C:\WINDOWS\system32\rsaenh.dll
0x00007ffeaedf0000 - 0x00007ffeaee16000 	C:\WINDOWS\System32\bcrypt.dll
0x00007ffeadc30000 - 0x00007ffeadc55000 	C:\WINDOWS\SYSTEM32\USERENV.dll
0x00007ffead750000 - 0x00007ffead75c000 	C:\WINDOWS\SYSTEM32\CRYPTBASE.dll
0x0000000055000000 - 0x000000005501a000 	C:\Program Files\Java\jdk1.8.0_171\jre\bin\net.dll
0x00007ffead580000 - 0x00007ffead5e7000 	C:\WINDOWS\system32\mswsock.dll
0x00007ffead290000 - 0x00007ffead2ca000 	C:\WINDOWS\SYSTEM32\IPHLPAPI.DLL
0x00007ffeafbc0000 - 0x00007ffeafbc8000 	C:\WINDOWS\System32\NSI.dll
0x00007ffea22f0000 - 0x00007ffea2306000 	C:\WINDOWS\SYSTEM32\dhcpcsvc6.DLL
0x00007ffea1f40000 - 0x00007ffea1f5c000 	C:\WINDOWS\SYSTEM32\dhcpcsvc.DLL
0x00007ffead2d0000 - 0x00007ffead39a000 	C:\WINDOWS\SYSTEM32\DNSAPI.dll
0x0000000054fe0000 - 0x0000000054ff1000 	C:\Program Files\Java\jdk1.8.0_171\jre\bin\nio.dll
0x00007ffe8fe70000 - 0x00007ffe8fe99000 	C:\Users\lenovo\.vscode\extensions\redhat.java-0.53.1\server\config_win\org.eclipse.equinox.launcher\org.eclipse.equinox.launcher.win32.win32.x86_64_1.1.1100.v20190907-0426\eclipse_1902.dll

VM Arguments:
jvm_args: -Declipse.application=org.eclipse.jdt.ls.core.id1 -Dosgi.bundles.defaultStartLevel=4 -Declipse.product=org.eclipse.jdt.ls.core.product -Dfile.encoding=utf8 -DwatchParentProcess=false -Xverify:none -Xmx1G -XX:+UseG1GC -XX:+UseStringDeduplication -javaagent:C:\Users\lenovo\.vscode\extensions\gabrielbb.vscode-lombok-0.9.9/server/lombok.jar 
java_command: c:\Users\lenovo\.vscode\extensions\redhat.java-0.53.1\server\plugins\org.eclipse.equinox.launcher_1.5.600.v20191014-2022.jar -configuration c:\Users\lenovo\.vscode\extensions\redhat.java-0.53.1\server\config_win -data c:\Users\lenovo\AppData\Roaming\Code\User\workspaceStorage\0a0e9bbffa712d79c61d3b37d365f694\redhat.java\jdt_ws
java_class_path (initial): c:\Users\lenovo\.vscode\extensions\redhat.java-0.53.1\server\plugins\org.eclipse.equinox.launcher_1.5.600.v20191014-2022.jar;C:\Users\lenovo\.vscode\extensions\gabrielbb.vscode-lombok-0.9.9/server/lombok.jar
Launcher Type: SUN_STANDARD

Environment Variables:
JAVA_HOME=C:\Program Files\Java\jdk1.8.0_171
CLASSPATH=.;C:\Program Files\Java\jdk1.8.0_171\lib\dt.jar;C:\Program Files\Java\jdk1.8.0_171\lib\tools.jar;
PATH="C:\Program Files (x86)\Common Files\Oracle\Java\javapath;C:;Pr;gram Files\Java\jdk1.8.0_171\bin;C:\Program Files (x86)\Microsoft SQL Server\120\DTS\Binn\;C:\Program Files (x86)\Microsoft SQL Server\Client SDK\ODBC\110\Tools\Binn\;C:\Program Files (x86)\Microsoft SQL Server\120\Tools\Binn\;C:\Program Files (x86)\Microsoft SQL Server\120\Tools\Binn\ManagementStudio\;H:\Git\cmd;C:\WINDOWS\system32;C:\WINDOWS;C:\WINDOWS\System32\Wbem;C:\WINDOWS\System32\WindowsPowerShell\v1.0\;C:\WINDOWS\System32\OpenSSH\;G:\;it\cmd;软件工程\;E:\;习\软件工程\Git\cmd;C:\P;ogram Files\Git\cmd;E:\学习\软件工程\Git\cmd";E:\学习;软件工程\Git\cmd;C:\;sers\lenovo\AppData\Roaming\npm;E:\学习\软件工程\nodejs;";%NO;E_PATH%";C:\Program Files\nodejs\;C:\Program Files\Git\cmd;E:\学习\软件工程\xiaochengxu\tool\gradle-5.6.1-bin\gradle-5.6.1\bin;C:\Users\lenovo\AppData\Local\Microsoft\WindowsApps;E:\学习\软件工程\Microsoft VS Code\bin;;C:\Users\lenovo\AppData\Roaming\npm;E:\学习\软件工程\工具\Microsoft VS Code\bin
USERNAME=lenovo
OS=Windows_NT
PROCESSOR_IDENTIFIER=Intel64 Family 6 Model 142 Stepping 9, GenuineIntel



---------------  S Y S T E M  ---------------

OS: Windows 10.0 , 64 bit Build 18362 (10.0.18362.329)

CPU:total 4 (initial active 4) (2 cores per cpu, 2 threads per core) family 6 model 142 stepping 9, cmov, cx8, fxsr, mmx, sse, sse2, sse3, ssse3, sse4.1, sse4.2, popcnt, avx, avx2, aes, clmul, erms, 3dnowpref, lzcnt, ht, tsc, tscinvbit, bmi1, bmi2, adx

Memory: 4k page, physical 4033548k(290368k free), swap 5949320k(71212k free)

vm_info: Java HotSpot(TM) 64-Bit Server VM (25.171-b11) for windows-amd64 JRE (1.8.0_171-b11), built on Mar 28 2018 16:06:12 by "java_re" with MS VC++ 10.0 (VS2010)

time: Sun Nov 24 00:21:14 2019
elapsed time: 60 seconds (0d 0h 1m 0s)

